Arguments: 
  C:\Program Files\nodejs\node.exe C:\Users\Diego\AppData\Roaming\npm\node_modules\yarn\bin\yarn.js install

PATH: 
  C:\Users\Diego\bin;C:\Program Files\Git\mingw64\bin;C:\Program Files\Git\usr\local\bin;C:\Program Files\Git\usr\bin;C:\Program Files\Git\usr\bin;C:\Program Files\Git\mingw64\bin;C:\Program Files\Git\usr\bin;C:\Users\Diego\bin;C:\Python311\Scripts;C:\Python311;C:\Windows\system32;C:\Windows;C:\Windows\System32\Wbem;C:\Windows\System32\WindowsPowerShell\v1.0;C:\Windows\System32\OpenSSH;C:\Program Files\Git\cmd;C:\Program Files\Docker\Docker\resources\bin;C:\Program Files\nodejs;C:\ProgramData\chocolatey\bin;C:\flutter\bin;C:\Users\Diego\AppData\Local\Microsoft\WindowsApps;C:\Users\Diego\AppData\Local\Programs\Microsoft VS Code\bin;C:\Users\Diego\AppData\Local\GitHubDesktop\bin;C:\Users\Diego\AppData\Roaming\npm;C:\flutter\bin;C:\Program Files\Git\cmd;C:\Program Files\Git\usr\bin\git.exe;C:\tools\dart-sdk\bin;C:\Users\Diego\AppData\Roaming\Pub\Cache\bin;C:\Users\Diego\.puro\bin;C:\Users\Diego\.puro\shared\pub_cache\bin;C:\Users\Diego\.puro\envs\default\flutter\bin;C:\Users\Diego\.puro;C:\Program Files\Git\usr\bin\vendor_perl;C:\Program Files\Git\usr\bin\core_perl

Yarn version: 
  1.22.19

Node version: 
  18.16.1

Platform: 
  win32 x64

Trace: 
  Error: ENOENT: no such file or directory, open 'C:\Users\Diego\AppData\Local\Yarn\Cache\v6\npm-@next-swc-win32-x64-msvc-13.4.15-3772f9a6d1164845b8c9c2db5d49e8a3cd2a6aad-integrity\node_modules\@next\swc-win32-x64-msvc\.yarn-metadata.json'

npm manifest: 
  {
    "name": "portfolio",
    "version": "1.0.0",
    "private": true,
    "author": "Diego França <diego.franca92@gmail.com>",
    "license": "MIT",
    "workspaces": [
      "next",
      "app"
    ],
    "scripts": {
      "dev:next": "(yarn workspace @portfolio/next dev)",
      "dev:app": "(yarn workspace @portfolio/app start:dev)",
      "build:next": "(yarn workspace @portfolio/next build)",
      "build:app": "(yarn workspace @portfolio/app build)"
    }
  }

yarn manifest: 
  No manifest

Lockfile: 
  # THIS IS AN AUTOGENERATED FILE. DO NOT EDIT THIS FILE DIRECTLY.
  # yarn lockfile v1
